<?xml version="1.0" encoding="UTF-8"?>
<testng-results skipped="0" failed="0" ignored="0" total="1" passed="1">
  <reporter-output>
  </reporter-output>
  <suite name="Default suite" duration-ms="9115" started-at="2018-02-23T16:49:23Z" finished-at="2018-02-23T16:49:32Z">
    <groups>
    </groups>
    <test name="Default test" duration-ms="9115" started-at="2018-02-23T16:49:23Z" finished-at="2018-02-23T16:49:32Z">
      <class name="com.demoaut.newtours.MavenDemo.validate_Login">
        <test-method status="PASS" signature="openBrowser()[pri:0, instance:com.demoaut.newtours.MavenDemo.validate_Login@1fc5af1]" name="openBrowser" is-config="true" duration-ms="5678" started-at="2018-02-23T16:49:23Z" finished-at="2018-02-23T16:49:29Z">
          <reporter-output>
          </reporter-output>
        </test-method> <!-- openBrowser -->
        <test-method status="PASS" signature="validateLogin()[pri:0, instance:com.demoaut.newtours.MavenDemo.validate_Login@1fc5af1]" name="validateLogin" duration-ms="3297" started-at="2018-02-23T16:49:29Z" finished-at="2018-02-23T16:49:32Z">
          <reporter-output>
          </reporter-output>
        </test-method> <!-- validateLogin -->
        <test-method status="PASS" signature="closeBrowser()[pri:0, instance:com.demoaut.newtours.MavenDemo.validate_Login@1fc5af1]" name="closeBrowser" is-config="true" duration-ms="109" started-at="2018-02-23T16:49:32Z" finished-at="2018-02-23T16:49:32Z">
          <reporter-output>
          </reporter-output>
        </test-method> <!-- closeBrowser -->
      </class> <!-- com.demoaut.newtours.MavenDemo.validate_Login -->
    </test> <!-- Default test -->
  </suite> <!-- Default suite -->
</testng-results>
